<?xml version="1.0" encoding="UTF-8"?>
<!DOCTYPE properties SYSTEM "http://java.sun.com/dtd/properties.dtd">
<properties>
<entry key="java.runtime.name">Java(TM) 2 Runtime Environment, Standard Edition</entry>
<entry key="sun.boot.library.path">C:\Program Files\Java\jre1.5.0_03\bin</entry>
<entry key="java.vm.version">1.5.0_03-b07</entry>
<entry key="java.vm.vendor">Sun Microsystems Inc.</entry>
<entry key="java.vendor.url">http://java.sun.com/</entry>
<entry key="path.separator">;</entry>
<entry key="java.vm.name">Java HotSpot(TM) Client VM</entry>
<entry key="file.encoding.pkg">sun.io</entry>
<entry key="user.country">CN</entry>
<entry key="sun.os.patch.level">Service Pack 4</entry>
<entry key="java.vm.specification.name">Java Virtual Machine Specification</entry>
<entry key="user.dir">E:\MyExercises\Java</entry>
<entry key="java.runtime.version">1.5.0_03-b07</entry>
<entry key="java.awt.graphicsenv">sun.awt.Win32GraphicsEnvironment</entry>
<entry key="java.endorsed.dirs">C:\Program Files\Java\jre1.5.0_03\lib\endorsed</entry>
<entry key="os.arch">x86</entry>
<entry key="java.io.tmpdir">C:\DOCUME~1\ADMINI~1\LOCALS~1\Temp\</entry>
<entry key="line.separator">&#13;
</entry>
<entry key="java.vm.specification.vendor">Sun Microsystems Inc.</entry>
<entry key="user.variant"></entry>
<entry key="os.name">Windows 2000</entry>
<entry key="sun.jnu.encoding">GBK</entry>
<entry key="java.library.path">C:\WINNT\system32;.;C:\WINNT\system32;C:\WINNT;C:\WINNT\system32;C:\WINNT;C:\WINNT\System32\Wbem;C:\Program Files\Common Files\Network Associates\VirusScan Engine\4.0.xx\;F:\program files\jdk1.5.0_03\bin;F:\program files\jdk1.5.0_03\jre\bin;F:\apache-ant-1.6.2\bin;F:\eclipse\bin;C:\Sun\AppServer\bin </entry>
<entry key="java.specification.name">Java Platform API Specification</entry>
<entry key="java.class.version">49.0</entry>
<entry key="sun.management.compiler">HotSpot Client Compiler</entry>
<entry key="os.version">5.0</entry>
<entry key="user.home">C:\Documents and Settings\Administrator</entry>
<entry key="user.timezone"></entry>
<entry key="java.awt.printerjob">sun.awt.windows.WPrinterJob</entry>
<entry key="file.encoding">GBK</entry>
<entry key="java.specification.version">1.5</entry>
<entry key="java.class.path">.;F:\program files\jdk1.5.0_03\lib\dt.jar;F:\program files\jdk1.5.0_03\lib\tools.jar;F:\program files\jdk1.5.0_03\lib\javaws.jar;F:\program files\apache-tomcat-5.5.15\common\lib\servlet-api.jar;F:\program files\apache-tomcat-5.5.15\common\lib\commons-beanutils.jar;F:\program files\apache-tomcat-5.5.15\common\lib\commons-collections-3.1.jar;F:\program files\apache-tomcat-5.5.15\common\lib\commons-logging.jar;F:\program files\junit3.8.1\junit.jar;F:\program files\junit3.8.1;F:\mysql\mysql-connector-java-3.0.14-production\mysql-connector-java-3.0.14-production-bin.jar;C:\oracle\jdbc\lib\ojdbc14.jar;MYEXER</entry>
<entry key="user.name">Administrator</entry>
<entry key="java.vm.specification.version">1.0</entry>
<entry key="java.home">C:\Program Files\Java\jre1.5.0_03</entry>
<entry key="sun.arch.data.model">32</entry>
<entry key="user.language">zh</entry>
<entry key="java.specification.vendor">Sun Microsystems Inc.</entry>
<entry key="awt.toolkit">sun.awt.windows.WToolkit</entry>
<entry key="java.vm.info">mixed mode, sharing</entry>
<entry key="java.version">1.5.0_03</entry>
<entry key="java.ext.dirs">C:\Program Files\Java\jre1.5.0_03\lib\ext</entry>
<entry key="sun.boot.class.path">C:\Program Files\Java\jre1.5.0_03\lib\rt.jar;C:\Program Files\Java\jre1.5.0_03\lib\i18n.jar;C:\Program Files\Java\jre1.5.0_03\lib\sunrsasign.jar;C:\Program Files\Java\jre1.5.0_03\lib\jsse.jar;C:\Program Files\Java\jre1.5.0_03\lib\jce.jar;C:\Program Files\Java\jre1.5.0_03\lib\charsets.jar;C:\Program Files\Java\jre1.5.0_03\classes</entry>
<entry key="java.vendor">Sun Microsystems Inc.</entry>
<entry key="file.separator">\</entry>
<entry key="java.vendor.url.bug">http://java.sun.com/cgi-bin/bugreport.cgi</entry>
<entry key="sun.io.unicode.encoding">UnicodeLittle</entry>
<entry key="sun.cpu.endian">little</entry>
<entry key="sun.desktop">windows</entry>
<entry key="sun.cpu.isalist"></entry>
</properties>
